[debug] [2024-04-29T13:36:48.192Z] ----------------------------------------------------------------------
[debug] [2024-04-29T13:36:48.193Z] Command:       C:\Program Files\nodejs\node.exe C:\Program Files\nodejs\node_modules\firebase-tools\lib\bin\firebase.js deploy --only hosting
[debug] [2024-04-29T13:36:48.194Z] CLI Version:   12.9.1
[debug] [2024-04-29T13:36:48.194Z] Platform:      win32
[debug] [2024-04-29T13:36:48.195Z] Node Version:  v18.17.0
[debug] [2024-04-29T13:36:48.195Z] Time:          Mon Apr 29 2024 20:36:48 GMT+0700 (Indochina Time)
[debug] [2024-04-29T13:36:48.195Z] ----------------------------------------------------------------------
[debug] 
[debug] [2024-04-29T13:36:48.256Z] > command requires scopes: ["email","openid","https://www.googleapis.com/auth/cloudplatformprojects.readonly","https://www.googleapis.com/auth/firebase","https://www.googleapis.com/auth/cloud-platform"]
[debug] [2024-04-29T13:36:48.257Z] > authorizing via signed-in user (bayezid.mostafa@appsynergies.com)
[debug] [2024-04-29T13:36:48.258Z] [iam] checking project testingappsynergiesprojects for permissions ["firebase.projects.get","firebasehosting.sites.update"]
[debug] [2024-04-29T13:36:48.259Z] > refreshing access token with scopes: []
[debug] [2024-04-29T13:36:48.260Z] >>> [apiv2][query] POST https://www.googleapis.com/oauth2/v3/token [none]
[debug] [2024-04-29T13:36:48.260Z] >>> [apiv2][body] POST https://www.googleapis.com/oauth2/v3/token [omitted]
[debug] [2024-04-29T13:36:48.658Z] <<< [apiv2][status] POST https://www.googleapis.com/oauth2/v3/token 200
[debug] [2024-04-29T13:36:48.658Z] <<< [apiv2][body] POST https://www.googleapis.com/oauth2/v3/token [omitted]
[debug] [2024-04-29T13:36:48.691Z] >>> [apiv2][query] POST https://cloudresourcemanager.googleapis.com/v1/projects/testingappsynergiesprojects:testIamPermissions [none]
[debug] [2024-04-29T13:36:48.691Z] >>> [apiv2][(partial)header] POST https://cloudresourcemanager.googleapis.com/v1/projects/testingappsynergiesprojects:testIamPermissions x-goog-quota-user=projects/testingappsynergiesprojects
[debug] [2024-04-29T13:36:48.691Z] >>> [apiv2][body] POST https://cloudresourcemanager.googleapis.com/v1/projects/testingappsynergiesprojects:testIamPermissions {"permissions":["firebase.projects.get","firebasehosting.sites.update"]}
[debug] [2024-04-29T13:36:50.482Z] <<< [apiv2][status] POST https://cloudresourcemanager.googleapis.com/v1/projects/testingappsynergiesprojects:testIamPermissions 200
[debug] [2024-04-29T13:36:50.482Z] <<< [apiv2][body] POST https://cloudresourcemanager.googleapis.com/v1/projects/testingappsynergiesprojects:testIamPermissions {"permissions":["firebase.projects.get","firebasehosting.sites.update"]}
[debug] [2024-04-29T13:36:50.483Z] >>> [apiv2][query] GET https://firebase.googleapis.com/v1beta1/projects/testingappsynergiesprojects [none]
